-1.5
-showWeaveInfo
-source
1.5
-verbose
-classpath
/home/jak/.m2/repository/com/gg/java/util/gg-java-util/0.0.7/gg-java-util-0.0.7.jar:/home/jak/.m2/repository/commons-logging/commons-logging/1.1.1/commons-logging-1.1.1.jar:/home/jak/workspace_mine/dummy_mailers_domain/target/classes:/home/jak/.m2/repository/org/apache/openejb/javaee-api/5.0-1/javaee-api-5.0-1.jar:/home/jak/.m2/repository/org/aspectj/aspectjrt/1.5.4/aspectjrt-1.5.4.jar:/home/jak/.m2/repository/org/jboss/wsf/spi/jbossws-spi/1.0.0/jbossws-spi-1.0.0.jar:/home/jak/workspace_mine/dummy_mailers_ejb/target/classes
-d
/home/jak/workspace_mine/dummy_mailers_ejb/target/classes
/home/jak/workspace_mine/dummy_mailers_ejb/src/main/java/edu/jak/dummymailers/sb/delegate/mail/MailGetterDelegateLocal.java
/home/jak/workspace_mine/dummy_mailers_ejb/src/main/java/edu/jak/dummymailers/util/MailServerConnector.java
/home/jak/workspace_mine/dummy_mailers_ejb/src/main/java/edu/jak/dummymailers/sb/ws/MailService.java
/home/jak/workspace_mine/dummy_mailers_ejb/src/main/java/edu/jak/dummymailers/util/JndiManager.java
/home/jak/workspace_mine/dummy_mailers_ejb/src/main/java/edu/jak/dummymailers/sb/delegate/mail/MailCatcherDelegateLocal.java
/home/jak/workspace_mine/dummy_mailers_ejb/src/main/java/edu/jak/dummymailers/sb/dao/crud/impl/MailFacade.java
/home/jak/workspace_mine/dummy_mailers_ejb/src/main/java/edu/jak/dummymailers/sb/delegate/mail/impl/MailCatcherDelegate.java
/home/jak/workspace_mine/dummy_mailers_ejb/src/main/java/edu/jak/dummymailers/sb/delegate/mail/impl/MailGetterDelegate.java
/home/jak/workspace_mine/dummy_mailers_ejb/src/main/java/edu/jak/dummymailers/sb/dao/crud/MailFacadeLocal.java
/home/jak/workspace_mine/dummy_mailers_ejb/src/main/java/edu/jak/dummymailers/converter/MailConverter.java
/home/jak/workspace_mine/dummy_mailers_ejb/src/main/java/edu/jak/dummymailers/util/MailConstants.java
/home/jak/workspace_mine/dummy_mailers_ejb/src/main/java/edu/jak/dummymailers/sb/dao/base/impl/BaseFacade.java
/home/jak/workspace_mine/dummy_mailers_ejb/src/main/java/edu/jak/dummymailers/client/RubbishClient.java
/home/jak/workspace_mine/dummy_mailers_ejb/src/main/java/edu/jak/dummymailers/sb/dao/base/BaseFacadeLocal.java
